This file contains any messages produced by compilers while
running configure, to aid debugging if configure makes a mistake.

It was created by configure, which was
generated by GNU Autoconf 2.69.  Invocation command line was

  $ ./configure 

## --------- ##
## Platform. ##
## --------- ##

hostname = SendaiKumaAir-6.local
uname -m = x86_64
uname -r = 13.0.0
uname -s = Darwin
uname -v = Darwin Kernel Version 13.0.0: Thu Sep 19 22:22:27 PDT 2013; root:xnu-2422.1.72~6/RELEASE_X86_64

/usr/bin/uname -p = i386
/bin/uname -X     = unknown

/bin/arch              = unknown
/usr/bin/arch -k       = unknown
/usr/convex/getsysinfo = unknown
/usr/bin/hostinfo      = Mach kernel version:
	 Darwin Kernel Version 13.0.0: Thu Sep 19 22:22:27 PDT 2013; root:xnu-2422.1.72~6/RELEASE_X86_64
Kernel configured for up to 4 processors.
2 processors are physically available.
4 processors are logically available.
Processor type: i486 (Intel 80486)
Processors active: 0 1 2 3
Primary memory available: 4.00 gigabytes
Default processor set: 242 tasks, 1100 threads, 4 processors
Load average: 1.33, Mach factor: 2.66
/bin/machine           = unknown
/usr/bin/oslevel       = unknown
/bin/universe          = unknown

PATH: /Users/priancho/.rvm/gems/ruby-2.0.0-p247/bin
PATH: /Users/priancho/.rvm/gems/ruby-2.0.0-p247@global/bin
PATH: /Users/priancho/.rvm/rubies/ruby-2.0.0-p247/bin
PATH: /Users/priancho/.rvm/bin
PATH: /opt/local/bin
PATH: /opt/local/sbin
PATH: /opt/local/lib/postgresql91/bin
PATH: /usr/local/bin
PATH: /usr/local/git/bin
PATH: /Users/priancho/local/bin
PATH: /Users/priancho/local/include
PATH: /usr/bin
PATH: /usr/include
PATH: /bin
PATH: /usr/sbin
PATH: /sbin
PATH: /opt/X11/bin
PATH: /usr/texbin


## ----------- ##
## Core tests. ##
## ----------- ##

configure:2416: checking build system type
configure:2430: result: x86_64-apple-darwin13.0.0
configure:2450: checking host system type
configure:2463: result: x86_64-apple-darwin13.0.0
configure:2534: checking for gcc
configure:2561: result: /opt/local/bin/gcc
configure:2790: checking for C compiler version
configure:2799: /opt/local/bin/gcc --version >&5
gcc (MacPorts gcc49 4.9-20140202_0) 4.9.0 20140202 (experimental)
Copyright (C) 2014 Free Software Foundation, Inc.
This is free software; see the source for copying conditions.  There is NO
warranty; not even for MERCHANTABILITY or FITNESS FOR A PARTICULAR PURPOSE.

configure:2810: $? = 0
configure:2799: /opt/local/bin/gcc -v >&5
Using built-in specs.
COLLECT_GCC=/opt/local/bin/gcc
COLLECT_LTO_WRAPPER=/opt/local/libexec/gcc/x86_64-apple-darwin13/4.9.0/lto-wrapper
Target: x86_64-apple-darwin13
Configured with: /opt/local/var/macports/build/_opt_mports_dports_lang_gcc49/gcc49/work/gcc-4.9-20140202/configure --prefix=/opt/local --build=x86_64-apple-darwin13 --enable-languages=c,c++,objc,obj-c++,fortran,java --libdir=/opt/local/lib/gcc49 --includedir=/opt/local/include/gcc49 --infodir=/opt/local/share/info --mandir=/opt/local/share/man --datarootdir=/opt/local/share/gcc-4.9 --with-local-prefix=/opt/local --with-system-zlib --disable-nls --program-suffix=-mp-4.9 --with-gxx-include-dir=/opt/local/include/gcc49/c++/ --with-gmp=/opt/local --with-mpfr=/opt/local --with-mpc=/opt/local --with-cloog=/opt/local --enable-cloog-backend=isl --disable-cloog-version-check --enable-stage1-checking --disable-multilib --enable-lto --enable-libstdcxx-time --with-as=/opt/local/bin/as --with-ld=/opt/local/bin/ld --with-ar=/opt/local/bin/ar --with-bugurl=https://trac.macports.org/newticket --with-pkgversion='MacPorts gcc49 4.9-20140202_0'
Thread model: posix
gcc version 4.9.0 20140202 (experimental) (MacPorts gcc49 4.9-20140202_0) 
configure:2810: $? = 0
configure:2799: /opt/local/bin/gcc -V >&5
gcc: error: unrecognized command line option '-V'
gcc: fatal error: no input files
compilation terminated.
configure:2810: $? = 1
configure:2799: /opt/local/bin/gcc -qversion >&5
gcc: error: unrecognized command line option '-qversion'
gcc: fatal error: no input files
compilation terminated.
configure:2810: $? = 1
configure:2830: checking whether the C compiler works
configure:2852: /opt/local/bin/gcc    conftest.c  >&5
configure:2856: $? = 0
configure:2904: result: yes
configure:2907: checking for C compiler default output file name
configure:2909: result: a.out
configure:2915: checking for suffix of executables
configure:2922: /opt/local/bin/gcc -o conftest    conftest.c  >&5
configure:2926: $? = 0
configure:2948: result: 
configure:2970: checking whether we are cross compiling
configure:2978: /opt/local/bin/gcc -o conftest    conftest.c  >&5
configure:2982: $? = 0
configure:2989: ./conftest
configure:2993: $? = 0
configure:3008: result: no
configure:3013: checking for suffix of object files
configure:3035: /opt/local/bin/gcc -c   conftest.c >&5
configure:3039: $? = 0
configure:3060: result: o
configure:3064: checking whether we are using the GNU C compiler
configure:3083: /opt/local/bin/gcc -c   conftest.c >&5
configure:3083: $? = 0
configure:3092: result: yes
configure:3101: checking whether /opt/local/bin/gcc accepts -g
configure:3121: /opt/local/bin/gcc -c -g  conftest.c >&5
configure:3121: $? = 0
configure:3162: result: yes
configure:3179: checking for /opt/local/bin/gcc option to accept ISO C89
configure:3242: /opt/local/bin/gcc  -c -g -O2  conftest.c >&5
configure:3242: $? = 0
configure:3255: result: none needed
configure:3280: checking whether /opt/local/bin/gcc understands -c and -o together
configure:3302: /opt/local/bin/gcc -c conftest.c -o conftest2.o
configure:3305: $? = 0
configure:3302: /opt/local/bin/gcc -c conftest.c -o conftest2.o
configure:3305: $? = 0
configure:3317: result: yes
configure:3340: checking how to run the C preprocessor
configure:3410: result: /opt/local/bin/cpp
configure:3430: /opt/local/bin/cpp  conftest.c
configure:3430: $? = 0
configure:3444: /opt/local/bin/cpp  conftest.c
conftest.c:9:28: fatal error: ac_nonexistent.h: No such file or directory
 #include <ac_nonexistent.h>
                            ^
compilation terminated.
configure:3444: $? = 1
configure: failed program was:
| /* confdefs.h */
| #define PACKAGE_NAME ""
| #define PACKAGE_TARNAME ""
| #define PACKAGE_VERSION ""
| #define PACKAGE_STRING ""
| #define PACKAGE_BUGREPORT ""
| #define PACKAGE_URL ""
| /* end confdefs.h.  */
| #include <ac_nonexistent.h>
configure:3473: checking for grep that handles long lines and -e
configure:3531: result: /usr/bin/grep
configure:3536: checking for egrep
configure:3598: result: /usr/bin/grep -E
configure:3603: checking for ANSI C header files
configure:3623: /opt/local/bin/gcc -c -g -O2  conftest.c >&5
configure:3623: $? = 0
configure:3696: /opt/local/bin/gcc -o conftest -g -O2   conftest.c  >&5
configure:3696: $? = 0
configure:3696: ./conftest
configure:3696: $? = 0
configure:3707: result: yes
configure:3720: checking for sys/types.h
configure:3720: /opt/local/bin/gcc -c -g -O2  conftest.c >&5
configure:3720: $? = 0
configure:3720: result: yes
configure:3720: checking for sys/stat.h
configure:3720: /opt/local/bin/gcc -c -g -O2  conftest.c >&5
configure:3720: $? = 0
configure:3720: result: yes
configure:3720: checking for stdlib.h
configure:3720: /opt/local/bin/gcc -c -g -O2  conftest.c >&5
configure:3720: $? = 0
configure:3720: result: yes
configure:3720: checking for string.h
configure:3720: /opt/local/bin/gcc -c -g -O2  conftest.c >&5
configure:3720: $? = 0
configure:3720: result: yes
configure:3720: checking for memory.h
configure:3720: /opt/local/bin/gcc -c -g -O2  conftest.c >&5
configure:3720: $? = 0
configure:3720: result: yes
configure:3720: checking for strings.h
configure:3720: /opt/local/bin/gcc -c -g -O2  conftest.c >&5
configure:3720: $? = 0
configure:3720: result: yes
configure:3720: checking for inttypes.h
configure:3720: /opt/local/bin/gcc -c -g -O2  conftest.c >&5
configure:3720: $? = 0
configure:3720: result: yes
configure:3720: checking for stdint.h
configure:3720: /opt/local/bin/gcc -c -g -O2  conftest.c >&5
configure:3720: $? = 0
configure:3720: result: yes
configure:3720: checking for unistd.h
configure:3720: /opt/local/bin/gcc -c -g -O2  conftest.c >&5
configure:3720: $? = 0
configure:3720: result: yes
configure:3733: checking minix/config.h usability
configure:3733: /opt/local/bin/gcc -c -g -O2  conftest.c >&5
conftest.c:52:26: fatal error: minix/config.h: No such file or directory
 #include <minix/config.h>
                          ^
compilation terminated.
configure:3733: $? = 1
configure: failed program was:
| /* confdefs.h */
| #define PACKAGE_NAME ""
| #define PACKAGE_TARNAME ""
| #define PACKAGE_VERSION ""
| #define PACKAGE_STRING ""
| #define PACKAGE_BUGREPORT ""
| #define PACKAGE_URL ""
| #define STDC_HEADERS 1
| #define HAVE_SYS_TYPES_H 1
| #define HAVE_SYS_STAT_H 1
| #define HAVE_STDLIB_H 1
| #define HAVE_STRING_H 1
| #define HAVE_MEMORY_H 1
| #define HAVE_STRINGS_H 1
| #define HAVE_INTTYPES_H 1
| #define HAVE_STDINT_H 1
| #define HAVE_UNISTD_H 1
| /* end confdefs.h.  */
| #include <stdio.h>
| #ifdef HAVE_SYS_TYPES_H
| # include <sys/types.h>
| #endif
| #ifdef HAVE_SYS_STAT_H
| # include <sys/stat.h>
| #endif
| #ifdef STDC_HEADERS
| # include <stdlib.h>
| # include <stddef.h>
| #else
| # ifdef HAVE_STDLIB_H
| #  include <stdlib.h>
| # endif
| #endif
| #ifdef HAVE_STRING_H
| # if !defined STDC_HEADERS && defined HAVE_MEMORY_H
| #  include <memory.h>
| # endif
| # include <string.h>
| #endif
| #ifdef HAVE_STRINGS_H
| # include <strings.h>
| #endif
| #ifdef HAVE_INTTYPES_H
| # include <inttypes.h>
| #endif
| #ifdef HAVE_STDINT_H
| # include <stdint.h>
| #endif
| #ifdef HAVE_UNISTD_H
| # include <unistd.h>
| #endif
| #include <minix/config.h>
configure:3733: result: no
configure:3733: checking minix/config.h presence
configure:3733: /opt/local/bin/cpp  conftest.c
conftest.c:19:26: fatal error: minix/config.h: No such file or directory
 #include <minix/config.h>
                          ^
compilation terminated.
configure:3733: $? = 1
configure: failed program was:
| /* confdefs.h */
| #define PACKAGE_NAME ""
| #define PACKAGE_TARNAME ""
| #define PACKAGE_VERSION ""
| #define PACKAGE_STRING ""
| #define PACKAGE_BUGREPORT ""
| #define PACKAGE_URL ""
| #define STDC_HEADERS 1
| #define HAVE_SYS_TYPES_H 1
| #define HAVE_SYS_STAT_H 1
| #define HAVE_STDLIB_H 1
| #define HAVE_STRING_H 1
| #define HAVE_MEMORY_H 1
| #define HAVE_STRINGS_H 1
| #define HAVE_INTTYPES_H 1
| #define HAVE_STDINT_H 1
| #define HAVE_UNISTD_H 1
| /* end confdefs.h.  */
| #include <minix/config.h>
configure:3733: result: no
configure:3733: checking for minix/config.h
configure:3733: result: no
configure:3754: checking whether it is safe to define __EXTENSIONS__
configure:3772: /opt/local/bin/gcc -c -g -O2  conftest.c >&5
configure:3772: $? = 0
configure:3779: result: yes
configure:3795: checking for library containing strerror
configure:3826: /opt/local/bin/gcc -o conftest -g -O2   conftest.c  >&5
configure:3826: $? = 0
configure:3843: result: none required
configure:3870: checking for a BSD-compatible install
configure:3938: result: /usr/bin/install -c
configure:3949: checking whether build environment is sane
configure:4004: result: yes
configure:4152: checking for a thread-safe mkdir -p
configure:4191: result: ./install-sh -c -d
configure:4198: checking for gawk
configure:4228: result: no
configure:4198: checking for mawk
configure:4228: result: no
configure:4198: checking for nawk
configure:4228: result: no
configure:4198: checking for awk
configure:4214: found /usr/bin/awk
configure:4225: result: awk
configure:4236: checking whether make sets $(MAKE)
configure:4258: result: yes
configure:4288: checking for style of include used by make
configure:4316: result: GNU
configure:4350: checking whether make supports nested variables
configure:4367: result: yes
configure:4453: checking dependency style of /opt/local/bin/gcc
configure:4564: result: gcc3
configure:4624: checking whether to enable maintainer-specific portions of Makefiles
configure:4633: result: no
configure:4760: checking for C++ compiler version
configure:4769: /opt/local/bin/g++ --version >&5
g++ (MacPorts gcc49 4.9-20140202_0) 4.9.0 20140202 (experimental)
Copyright (C) 2014 Free Software Foundation, Inc.
This is free software; see the source for copying conditions.  There is NO
warranty; not even for MERCHANTABILITY or FITNESS FOR A PARTICULAR PURPOSE.

configure:4780: $? = 0
configure:4769: /opt/local/bin/g++ -v >&5
Using built-in specs.
COLLECT_GCC=/opt/local/bin/g++
COLLECT_LTO_WRAPPER=/opt/local/libexec/gcc/x86_64-apple-darwin13/4.9.0/lto-wrapper
Target: x86_64-apple-darwin13
Configured with: /opt/local/var/macports/build/_opt_mports_dports_lang_gcc49/gcc49/work/gcc-4.9-20140202/configure --prefix=/opt/local --build=x86_64-apple-darwin13 --enable-languages=c,c++,objc,obj-c++,fortran,java --libdir=/opt/local/lib/gcc49 --includedir=/opt/local/include/gcc49 --infodir=/opt/local/share/info --mandir=/opt/local/share/man --datarootdir=/opt/local/share/gcc-4.9 --with-local-prefix=/opt/local --with-system-zlib --disable-nls --program-suffix=-mp-4.9 --with-gxx-include-dir=/opt/local/include/gcc49/c++/ --with-gmp=/opt/local --with-mpfr=/opt/local --with-mpc=/opt/local --with-cloog=/opt/local --enable-cloog-backend=isl --disable-cloog-version-check --enable-stage1-checking --disable-multilib --enable-lto --enable-libstdcxx-time --with-as=/opt/local/bin/as --with-ld=/opt/local/bin/ld --with-ar=/opt/local/bin/ar --with-bugurl=https://trac.macports.org/newticket --with-pkgversion='MacPorts gcc49 4.9-20140202_0'
Thread model: posix
gcc version 4.9.0 20140202 (experimental) (MacPorts gcc49 4.9-20140202_0) 
configure:4780: $? = 0
configure:4769: /opt/local/bin/g++ -V >&5
g++: error: unrecognized command line option '-V'
g++: fatal error: no input files
compilation terminated.
configure:4780: $? = 1
configure:4769: /opt/local/bin/g++ -qversion >&5
g++: error: unrecognized command line option '-qversion'
g++: fatal error: no input files
compilation terminated.
configure:4780: $? = 1
configure:4784: checking whether we are using the GNU C++ compiler
configure:4803: /opt/local/bin/g++ -c   conftest.cpp >&5
configure:4803: $? = 0
configure:4812: result: yes
configure:4821: checking whether /opt/local/bin/g++ accepts -g
configure:4841: /opt/local/bin/g++ -c -g  conftest.cpp >&5
configure:4841: $? = 0
configure:4882: result: yes
configure:4907: checking dependency style of /opt/local/bin/g++
configure:5018: result: gcc3
configure:5034: checking whether ln -s works
configure:5038: result: yes
configure:5051: checking for ANSI C header files
configure:5155: result: yes
configure:5165: checking for stdint.h
configure:5165: result: yes
configure:5177: checking sys/mman.h usability
configure:5177: /opt/local/bin/gcc -c -g -O2  conftest.c >&5
configure:5177: $? = 0
configure:5177: result: yes
configure:5177: checking sys/mman.h presence
configure:5177: /opt/local/bin/cpp  conftest.c
configure:5177: $? = 0
configure:5177: result: yes
configure:5177: checking for sys/mman.h
configure:5177: result: yes
configure:5189: checking for an ANSI C-conforming const
configure:5255: /opt/local/bin/gcc -c -g -O2  conftest.c >&5
configure:5255: $? = 0
configure:5262: result: yes
configure:5274: checking size of 
configure:5279: /opt/local/bin/gcc -o conftest -g -O2   conftest.c  >&5
conftest.c: In function 'longval':
conftest.c:62:57: error: expected expression before ')' token
 static long int longval () { return (long int) (sizeof ()); }
                                                         ^
conftest.c: In function 'ulongval':
conftest.c:63:67: error: expected expression before ')' token
 static unsigned long int ulongval () { return (long int) (sizeof ()); }
                                                                   ^
conftest.c: In function 'main':
conftest.c:73:28: error: expected expression before ')' token
   if (((long int) (sizeof ())) < 0)
                            ^
conftest.c:76:37: error: expected expression before ')' token
       if (i != ((long int) (sizeof ())))
                                     ^
conftest.c:83:37: error: expected expression before ')' token
       if (i != ((long int) (sizeof ())))
                                     ^
configure:5279: $? = 1
configure: program exited with status 1
configure: failed program was:
| /* confdefs.h */
| #define PACKAGE_NAME ""
| #define PACKAGE_TARNAME ""
| #define PACKAGE_VERSION ""
| #define PACKAGE_STRING ""
| #define PACKAGE_BUGREPORT ""
| #define PACKAGE_URL ""
| #define STDC_HEADERS 1
| #define HAVE_SYS_TYPES_H 1
| #define HAVE_SYS_STAT_H 1
| #define HAVE_STDLIB_H 1
| #define HAVE_STRING_H 1
| #define HAVE_MEMORY_H 1
| #define HAVE_STRINGS_H 1
| #define HAVE_INTTYPES_H 1
| #define HAVE_STDINT_H 1
| #define HAVE_UNISTD_H 1
| #define __EXTENSIONS__ 1
| #define _ALL_SOURCE 1
| #define _GNU_SOURCE 1
| #define _POSIX_PTHREAD_SEMANTICS 1
| #define _TANDEM_SOURCE 1
| #define PACKAGE "simstring"
| #define VERSION "1.1"
| #define STDC_HEADERS 1
| #define HAVE_STDINT_H 1
| #define HAVE_SYS_MMAN_H 1
| /* end confdefs.h.  */
| #include <stdio.h>
| #ifdef HAVE_SYS_TYPES_H
| # include <sys/types.h>
| #endif
| #ifdef HAVE_SYS_STAT_H
| # include <sys/stat.h>
| #endif
| #ifdef STDC_HEADERS
| # include <stdlib.h>
| # include <stddef.h>
| #else
| # ifdef HAVE_STDLIB_H
| #  include <stdlib.h>
| # endif
| #endif
| #ifdef HAVE_STRING_H
| # if !defined STDC_HEADERS && defined HAVE_MEMORY_H
| #  include <memory.h>
| # endif
| # include <string.h>
| #endif
| #ifdef HAVE_STRINGS_H
| # include <strings.h>
| #endif
| #ifdef HAVE_INTTYPES_H
| # include <inttypes.h>
| #endif
| #ifdef HAVE_STDINT_H
| # include <stdint.h>
| #endif
| #ifdef HAVE_UNISTD_H
| # include <unistd.h>
| #endif
| static long int longval () { return (long int) (sizeof ()); }
| static unsigned long int ulongval () { return (long int) (sizeof ()); }
| #include <stdio.h>
| #include <stdlib.h>
| int
| main ()
| {
| 
|   FILE *f = fopen ("conftest.val", "w");
|   if (! f)
|     return 1;
|   if (((long int) (sizeof ())) < 0)
|     {
|       long int i = longval ();
|       if (i != ((long int) (sizeof ())))
| 	return 1;
|       fprintf (f, "%ld", i);
|     }
|   else
|     {
|       unsigned long int i = ulongval ();
|       if (i != ((long int) (sizeof ())))
| 	return 1;
|       fprintf (f, "%lu", i);
|     }
|   /* Do not output a trailing newline, as this causes \r\n confusion
|      on some platforms.  */
|   return ferror (f) || fclose (f) != 0;
| 
|   ;
|   return 0;
| }
configure:5293: result: 0
configure:5303: checking for size_t
configure:5303: /opt/local/bin/gcc -c -g -O2  conftest.c >&5
configure:5303: $? = 0
configure:5303: /opt/local/bin/gcc -c -g -O2  conftest.c >&5
conftest.c: In function 'main':
conftest.c:66:21: error: expected expression before ')' token
 if (sizeof ((size_t)))
                     ^
configure:5303: $? = 1
configure: failed program was:
| /* confdefs.h */
| #define PACKAGE_NAME ""
| #define PACKAGE_TARNAME ""
| #define PACKAGE_VERSION ""
| #define PACKAGE_STRING ""
| #define PACKAGE_BUGREPORT ""
| #define PACKAGE_URL ""
| #define STDC_HEADERS 1
| #define HAVE_SYS_TYPES_H 1
| #define HAVE_SYS_STAT_H 1
| #define HAVE_STDLIB_H 1
| #define HAVE_STRING_H 1
| #define HAVE_MEMORY_H 1
| #define HAVE_STRINGS_H 1
| #define HAVE_INTTYPES_H 1
| #define HAVE_STDINT_H 1
| #define HAVE_UNISTD_H 1
| #define __EXTENSIONS__ 1
| #define _ALL_SOURCE 1
| #define _GNU_SOURCE 1
| #define _POSIX_PTHREAD_SEMANTICS 1
| #define _TANDEM_SOURCE 1
| #define PACKAGE "simstring"
| #define VERSION "1.1"
| #define STDC_HEADERS 1
| #define HAVE_STDINT_H 1
| #define HAVE_SYS_MMAN_H 1
| #define SIZEOF_ 0
| /* end confdefs.h.  */
| #include <stdio.h>
| #ifdef HAVE_SYS_TYPES_H
| # include <sys/types.h>
| #endif
| #ifdef HAVE_SYS_STAT_H
| # include <sys/stat.h>
| #endif
| #ifdef STDC_HEADERS
| # include <stdlib.h>
| # include <stddef.h>
| #else
| # ifdef HAVE_STDLIB_H
| #  include <stdlib.h>
| # endif
| #endif
| #ifdef HAVE_STRING_H
| # if !defined STDC_HEADERS && defined HAVE_MEMORY_H
| #  include <memory.h>
| # endif
| # include <string.h>
| #endif
| #ifdef HAVE_STRINGS_H
| # include <strings.h>
| #endif
| #ifdef HAVE_INTTYPES_H
| # include <inttypes.h>
| #endif
| #ifdef HAVE_STDINT_H
| # include <stdint.h>
| #endif
| #ifdef HAVE_UNISTD_H
| # include <unistd.h>
| #endif
| int
| main ()
| {
| if (sizeof ((size_t)))
| 	    return 0;
|   ;
|   return 0;
| }
configure:5303: result: yes
configure:5314: checking whether struct tm is in sys/time.h or time.h
configure:5334: /opt/local/bin/gcc -c -g -O2  conftest.c >&5
configure:5334: $? = 0
configure:5341: result: time.h
configure:5349: checking for uint32_t
configure:5349: /opt/local/bin/gcc -c -g -O2  conftest.c >&5
configure:5349: $? = 0
configure:5349: /opt/local/bin/gcc -c -g -O2  conftest.c >&5
conftest.c: In function 'main':
conftest.c:66:23: error: expected expression before ')' token
 if (sizeof ((uint32_t)))
                       ^
configure:5349: $? = 1
configure: failed program was:
| /* confdefs.h */
| #define PACKAGE_NAME ""
| #define PACKAGE_TARNAME ""
| #define PACKAGE_VERSION ""
| #define PACKAGE_STRING ""
| #define PACKAGE_BUGREPORT ""
| #define PACKAGE_URL ""
| #define STDC_HEADERS 1
| #define HAVE_SYS_TYPES_H 1
| #define HAVE_SYS_STAT_H 1
| #define HAVE_STDLIB_H 1
| #define HAVE_STRING_H 1
| #define HAVE_MEMORY_H 1
| #define HAVE_STRINGS_H 1
| #define HAVE_INTTYPES_H 1
| #define HAVE_STDINT_H 1
| #define HAVE_UNISTD_H 1
| #define __EXTENSIONS__ 1
| #define _ALL_SOURCE 1
| #define _GNU_SOURCE 1
| #define _POSIX_PTHREAD_SEMANTICS 1
| #define _TANDEM_SOURCE 1
| #define PACKAGE "simstring"
| #define VERSION "1.1"
| #define STDC_HEADERS 1
| #define HAVE_STDINT_H 1
| #define HAVE_SYS_MMAN_H 1
| #define SIZEOF_ 0
| /* end confdefs.h.  */
| #include <stdio.h>
| #ifdef HAVE_SYS_TYPES_H
| # include <sys/types.h>
| #endif
| #ifdef HAVE_SYS_STAT_H
| # include <sys/stat.h>
| #endif
| #ifdef STDC_HEADERS
| # include <stdlib.h>
| # include <stddef.h>
| #else
| # ifdef HAVE_STDLIB_H
| #  include <stdlib.h>
| # endif
| #endif
| #ifdef HAVE_STRING_H
| # if !defined STDC_HEADERS && defined HAVE_MEMORY_H
| #  include <memory.h>
| # endif
| # include <string.h>
| #endif
| #ifdef HAVE_STRINGS_H
| # include <strings.h>
| #endif
| #ifdef HAVE_INTTYPES_H
| # include <inttypes.h>
| #endif
| #ifdef HAVE_STDINT_H
| # include <stdint.h>
| #endif
| #ifdef HAVE_UNISTD_H
| # include <unistd.h>
| #endif
| int
| main ()
| {
| if (sizeof ((uint32_t)))
| 	    return 0;
|   ;
|   return 0;
| }
configure:5349: result: yes
configure:5384: checking for sqrt in -lm
configure:5409: /opt/local/bin/gcc -o conftest -g -O2   conftest.c -lm   >&5
conftest.c:38:6: warning: conflicting types for built-in function 'sqrt' [enabled by default]
 char sqrt ();
      ^
configure:5409: $? = 0
configure:5418: result: yes
configure:5429: checking for mmap in -lmmap
configure:5454: /opt/local/bin/gcc -o conftest -g -O2   conftest.c -lmmap  -lm  >&5
ld: library not found for -lmmap
collect2: error: ld returned 1 exit status
configure:5454: $? = 1
configure: failed program was:
| /* confdefs.h */
| #define PACKAGE_NAME ""
| #define PACKAGE_TARNAME ""
| #define PACKAGE_VERSION ""
| #define PACKAGE_STRING ""
| #define PACKAGE_BUGREPORT ""
| #define PACKAGE_URL ""
| #define STDC_HEADERS 1
| #define HAVE_SYS_TYPES_H 1
| #define HAVE_SYS_STAT_H 1
| #define HAVE_STDLIB_H 1
| #define HAVE_STRING_H 1
| #define HAVE_MEMORY_H 1
| #define HAVE_STRINGS_H 1
| #define HAVE_INTTYPES_H 1
| #define HAVE_STDINT_H 1
| #define HAVE_UNISTD_H 1
| #define __EXTENSIONS__ 1
| #define _ALL_SOURCE 1
| #define _GNU_SOURCE 1
| #define _POSIX_PTHREAD_SEMANTICS 1
| #define _TANDEM_SOURCE 1
| #define PACKAGE "simstring"
| #define VERSION "1.1"
| #define STDC_HEADERS 1
| #define HAVE_STDINT_H 1
| #define HAVE_SYS_MMAN_H 1
| #define SIZEOF_ 0
| #define HAVE_UINT32_T 1
| #define HAVE_LIBM 1
| /* end confdefs.h.  */
| 
| /* Override any GCC internal prototype to avoid an error.
|    Use char because int might match the return type of a GCC
|    builtin and then its argument prototype would still apply.  */
| #ifdef __cplusplus
| extern "C"
| #endif
| char mmap ();
| int
| main ()
| {
| return mmap ();
|   ;
|   return 0;
| }
configure:5463: result: no
configure:5592: checking that generated files are newer than configure
configure:5598: result: done
configure:5629: creating ./config.status

## ---------------------- ##
## Running config.status. ##
## ---------------------- ##

This file was extended by config.status, which was
generated by GNU Autoconf 2.69.  Invocation command line was

  CONFIG_FILES    = 
  CONFIG_HEADERS  = 
  CONFIG_LINKS    = 
  CONFIG_COMMANDS = 
  $ ./config.status 

on SendaiKumaAir-6.local

config.status:889: creating Makefile
config.status:889: creating include/Makefile
config.status:889: creating frontend/Makefile
config.status:889: creating sample/Makefile
config.status:889: creating swig/Makefile
config.status:889: creating swig/python/setup.py
config.status:889: creating swig/ruby/extconf.rb
config.status:889: creating swig/perl/Makefile.PL
config.status:889: creating config.h
config.status:1070: config.h is unchanged
config.status:1118: executing depfiles commands

## ---------------- ##
## Cache variables. ##
## ---------------- ##

ac_cv_build=x86_64-apple-darwin13.0.0
ac_cv_c_compiler_gnu=yes
ac_cv_c_const=yes
ac_cv_cxx_compiler_gnu=yes
ac_cv_env_CCC_set=
ac_cv_env_CCC_value=
ac_cv_env_CC_set=set
ac_cv_env_CC_value=/opt/local/bin/gcc
ac_cv_env_CFLAGS_set=
ac_cv_env_CFLAGS_value=
ac_cv_env_CPPFLAGS_set=
ac_cv_env_CPPFLAGS_value=
ac_cv_env_CPP_set=set
ac_cv_env_CPP_value=/opt/local/bin/cpp
ac_cv_env_CXXFLAGS_set=
ac_cv_env_CXXFLAGS_value=
ac_cv_env_CXX_set=set
ac_cv_env_CXX_value=/opt/local/bin/g++
ac_cv_env_LDFLAGS_set=
ac_cv_env_LDFLAGS_value=
ac_cv_env_LIBS_set=
ac_cv_env_LIBS_value=
ac_cv_env_build_alias_set=
ac_cv_env_build_alias_value=
ac_cv_env_host_alias_set=
ac_cv_env_host_alias_value=
ac_cv_env_target_alias_set=
ac_cv_env_target_alias_value=
ac_cv_header_inttypes_h=yes
ac_cv_header_memory_h=yes
ac_cv_header_minix_config_h=no
ac_cv_header_stdc=yes
ac_cv_header_stdint_h=yes
ac_cv_header_stdlib_h=yes
ac_cv_header_string_h=yes
ac_cv_header_strings_h=yes
ac_cv_header_sys_mman_h=yes
ac_cv_header_sys_stat_h=yes
ac_cv_header_sys_types_h=yes
ac_cv_header_unistd_h=yes
ac_cv_host=x86_64-apple-darwin13.0.0
ac_cv_lib_m_sqrt=yes
ac_cv_lib_mmap_mmap=no
ac_cv_objext=o
ac_cv_path_EGREP='/usr/bin/grep -E'
ac_cv_path_GREP=/usr/bin/grep
ac_cv_path_install='/usr/bin/install -c'
ac_cv_prog_AWK=awk
ac_cv_prog_CPP=/opt/local/bin/cpp
ac_cv_prog_ac_ct_CC=/opt/local/bin/gcc
ac_cv_prog_cc_c89=
ac_cv_prog_cc_g=yes
ac_cv_prog_cxx_g=yes
ac_cv_prog_make_make_set=yes
ac_cv_safe_to_define___extensions__=yes
ac_cv_search_strerror='none required'
ac_cv_sizeof_=0
ac_cv_struct_tm=time.h
ac_cv_type_size_t=yes
ac_cv_type_uint32_t=yes
am_cv_CC_dependencies_compiler_type=gcc3
am_cv_CXX_dependencies_compiler_type=gcc3
am_cv_make_support_nested_variables=yes
am_cv_prog_cc_c_o=yes

## ----------------- ##
## Output variables. ##
## ----------------- ##

ACLOCAL='${SHELL} /Users/priancho/work/PubDictionariesPackage/simstring/missing aclocal-1.14'
AMDEPBACKSLASH='\'
AMDEP_FALSE='#'
AMDEP_TRUE=''
AMTAR='$${TAR-tar}'
AM_BACKSLASH='\'
AM_DEFAULT_V='$(AM_DEFAULT_VERBOSITY)'
AM_DEFAULT_VERBOSITY='1'
AM_V='$(V)'
AUTOCONF='${SHELL} /Users/priancho/work/PubDictionariesPackage/simstring/missing autoconf'
AUTOHEADER='${SHELL} /Users/priancho/work/PubDictionariesPackage/simstring/missing autoheader'
AUTOMAKE='${SHELL} /Users/priancho/work/PubDictionariesPackage/simstring/missing automake-1.14'
AWK='awk'
CC='/opt/local/bin/gcc'
CCDEPMODE='depmode=gcc3'
CFLAGS='-g -O2'
CPP='/opt/local/bin/cpp'
CPPFLAGS=''
CXX='/opt/local/bin/g++'
CXXDEPMODE='depmode=gcc3'
CXXFLAGS='-O3 '
CYGPATH_W='echo'
DEFS='-DHAVE_CONFIG_H'
DEPDIR='.deps'
ECHO_C='\c'
ECHO_N=''
ECHO_T=''
EGREP='/usr/bin/grep -E'
EXEEXT=''
GREP='/usr/bin/grep'
INCLUDES='-I$(top_srcdir) -I$(top_srcdir)/include'
INSTALL_DATA='${INSTALL} -m 644'
INSTALL_PROGRAM='${INSTALL}'
INSTALL_SCRIPT='${INSTALL}'
INSTALL_STRIP_PROGRAM='$(install_sh) -c -s'
LDFLAGS=''
LIBOBJS=''
LIBS='-lm '
LN_S='ln -s'
LTLIBOBJS=''
MAINT='#'
MAINTAINER_MODE_FALSE=''
MAINTAINER_MODE_TRUE='#'
MAKEINFO='${SHELL} /Users/priancho/work/PubDictionariesPackage/simstring/missing makeinfo'
MKDIR_P='./install-sh -c -d'
OBJEXT='o'
PACKAGE='simstring'
PACKAGE_BUGREPORT=''
PACKAGE_NAME=''
PACKAGE_STRING=''
PACKAGE_TARNAME=''
PACKAGE_URL=''
PACKAGE_VERSION=''
PATH_SEPARATOR=':'
SET_MAKE=''
SHELL='/bin/sh'
STRIP=''
VERSION='1.1'
ac_ct_CC='/opt/local/bin/gcc'
ac_ct_CXX=''
am__EXEEXT_FALSE=''
am__EXEEXT_TRUE='#'
am__fastdepCC_FALSE='#'
am__fastdepCC_TRUE=''
am__fastdepCXX_FALSE='#'
am__fastdepCXX_TRUE=''
am__include='include'
am__isrc=''
am__leading_dot='.'
am__nodep='_no'
am__quote=''
am__tar='$${TAR-tar} chof - "$$tardir"'
am__untar='$${TAR-tar} xf -'
bindir='${exec_prefix}/bin'
build='x86_64-apple-darwin13.0.0'
build_alias=''
build_cpu='x86_64'
build_os='darwin13.0.0'
build_vendor='apple'
datadir='${datarootdir}'
datarootdir='${prefix}/share'
docdir='${datarootdir}/doc/${PACKAGE}'
dvidir='${docdir}'
exec_prefix='${prefix}'
host='x86_64-apple-darwin13.0.0'
host_alias=''
host_cpu='x86_64'
host_os='darwin13.0.0'
host_vendor='apple'
htmldir='${docdir}'
includedir='${prefix}/include'
infodir='${datarootdir}/info'
install_sh='${SHELL} /Users/priancho/work/PubDictionariesPackage/simstring/install-sh'
libdir='${exec_prefix}/lib'
libexecdir='${exec_prefix}/libexec'
localedir='${datarootdir}/locale'
localstatedir='${prefix}/var'
mandir='${datarootdir}/man'
mkdir_p='$(MKDIR_P)'
oldincludedir='/usr/include'
pdfdir='${docdir}'
prefix='/usr/local'
program_transform_name='s,x,x,'
psdir='${docdir}'
sbindir='${exec_prefix}/sbin'
sharedstatedir='${prefix}/com'
sysconfdir='${prefix}/etc'
target_alias=''

## ----------- ##
## confdefs.h. ##
## ----------- ##

/* confdefs.h */
#define PACKAGE_NAME ""
#define PACKAGE_TARNAME ""
#define PACKAGE_VERSION ""
#define PACKAGE_STRING ""
#define PACKAGE_BUGREPORT ""
#define PACKAGE_URL ""
#define STDC_HEADERS 1
#define HAVE_SYS_TYPES_H 1
#define HAVE_SYS_STAT_H 1
#define HAVE_STDLIB_H 1
#define HAVE_STRING_H 1
#define HAVE_MEMORY_H 1
#define HAVE_STRINGS_H 1
#define HAVE_INTTYPES_H 1
#define HAVE_STDINT_H 1
#define HAVE_UNISTD_H 1
#define __EXTENSIONS__ 1
#define _ALL_SOURCE 1
#define _GNU_SOURCE 1
#define _POSIX_PTHREAD_SEMANTICS 1
#define _TANDEM_SOURCE 1
#define PACKAGE "simstring"
#define VERSION "1.1"
#define STDC_HEADERS 1
#define HAVE_STDINT_H 1
#define HAVE_SYS_MMAN_H 1
#define SIZEOF_ 0
#define HAVE_UINT32_T 1
#define HAVE_LIBM 1

configure: exit 0
